<?xml version="1.0" encoding="UTF-8"?>
<coverage generated="1524852658069" clover="3.2.0">
  <project timestamp="1524852658069" name="All files">
    <metrics statements="36" coveredstatements="34" conditionals="13" coveredconditionals="10" methods="26" coveredmethods="26" elements="75" coveredelements="70" complexity="0" loc="36" ncloc="36" packages="4" files="9" classes="9">
      <package name="__tests__">
        <metrics statements="1" coveredstatements="1" conditionals="0" coveredconditionals="0" methods="0" coveredmethods="0"/>
        <file name="setup.js" path="/Users/wrlc/dev/playground/reactNative/goNative/modulo5/__tests__/setup.js">
          <metrics statements="1" coveredstatements="1" conditionals="0" coveredconditionals="0" methods="0" coveredmethods="0"/>
          <line num="4" count="5" type="stmt"/>
        </file>
      </package>
      <package name="src">
        <metrics statements="18" coveredstatements="17" conditionals="4" coveredconditionals="3" methods="15" coveredmethods="15"/>
        <file name="TodoList.js" path="/Users/wrlc/dev/playground/reactNative/goNative/modulo5/src/TodoList.js">
          <metrics statements="6" coveredstatements="6" conditionals="0" coveredconditionals="0" methods="4" coveredmethods="4"/>
          <line num="8" count="1" type="stmt"/>
          <line num="9" count="2" type="stmt"/>
          <line num="10" count="4" type="stmt"/>
          <line num="15" count="2" type="stmt"/>
          <line num="19" count="1" type="stmt"/>
          <line num="20" count="2" type="stmt"/>
        </file>
        <file name="list.js" path="/Users/wrlc/dev/playground/reactNative/goNative/modulo5/src/list.js">
          <metrics statements="9" coveredstatements="8" conditionals="4" coveredconditionals="3" methods="9" coveredmethods="9"/>
          <line num="12" count="6" type="stmt"/>
          <line num="13" count="15" type="stmt"/>
          <line num="18" count="1" type="stmt"/>
          <line num="24" count="1" type="stmt"/>
          <line num="25" count="3" type="stmt"/>
          <line num="30" count="1" type="stmt"/>
          <line num="34" count="6" type="cond" truecount="1" falsecount="1"/>
          <line num="35" count="0" type="stmt"/>
          <line num="39" count="12" type="stmt"/>
        </file>
        <file name="post.js" path="/Users/wrlc/dev/playground/reactNative/goNative/modulo5/src/post.js">
          <metrics statements="3" coveredstatements="3" conditionals="0" coveredconditionals="0" methods="2" coveredmethods="2"/>
          <line num="4" count="2" type="stmt"/>
          <line num="5" count="1" type="stmt"/>
          <line num="8" count="1" type="stmt"/>
        </file>
      </package>
      <package name="src.services">
        <metrics statements="0" coveredstatements="0" conditionals="0" coveredconditionals="0" methods="0" coveredmethods="0"/>
        <file name="api.js" path="/Users/wrlc/dev/playground/reactNative/goNative/modulo5/src/services/api.js">
          <metrics statements="0" coveredstatements="0" conditionals="0" coveredconditionals="0" methods="0" coveredmethods="0"/>
        </file>
      </package>
      <package name="src.store">
        <metrics statements="17" coveredstatements="16" conditionals="9" coveredconditionals="7" methods="11" coveredmethods="11"/>
        <file name="actions.js" path="/Users/wrlc/dev/playground/reactNative/goNative/modulo5/src/store/actions.js">
          <metrics statements="3" coveredstatements="3" conditionals="0" coveredconditionals="0" methods="3" coveredmethods="3"/>
          <line num="2" count="3" type="stmt"/>
          <line num="9" count="1" type="stmt"/>
          <line num="16" count="2" type="stmt"/>
        </file>
        <file name="reducers.js" path="/Users/wrlc/dev/playground/reactNative/goNative/modulo5/src/store/reducers.js">
          <metrics statements="6" coveredstatements="5" conditionals="7" coveredconditionals="5" methods="3" coveredmethods="3"/>
          <line num="2" count="4" type="cond" truecount="3" falsecount="1"/>
          <line num="4" count="1" type="stmt"/>
          <line num="6" count="2" type="stmt"/>
          <line num="8" count="2" type="stmt"/>
          <line num="9" count="4" type="cond" truecount="2" falsecount="0"/>
          <line num="15" count="0" type="stmt"/>
        </file>
        <file name="sagas.js" path="/Users/wrlc/dev/playground/reactNative/goNative/modulo5/src/store/sagas.js">
          <metrics statements="5" coveredstatements="5" conditionals="2" coveredconditionals="2" methods="2" coveredmethods="2"/>
          <line num="6" count="2" type="stmt"/>
          <line num="7" count="2" type="cond" truecount="2" falsecount="0"/>
          <line num="8" count="1" type="stmt"/>
          <line num="10" count="1" type="stmt"/>
          <line num="15" count="2" type="stmt"/>
        </file>
        <file name="userActions.js" path="/Users/wrlc/dev/playground/reactNative/goNative/modulo5/src/store/userActions.js">
          <metrics statements="3" coveredstatements="3" conditionals="0" coveredconditionals="0" methods="3" coveredmethods="3"/>
          <line num="2" count="2" type="stmt"/>
          <line num="9" count="3" type="stmt"/>
          <line num="16" count="3" type="stmt"/>
        </file>
      </package>
    </metrics>
  </project>
</coverage>
