{"/Users/wrlc/dev/playground/reactNative/goNative/modulo5/__tests__/setup.js": {"path":"/Users/wrlc/dev/playground/reactNative/goNative/modulo5/__tests__/setup.js","statementMap":{"0":{"start":{"line":4,"column":0},"end":{"line":4,"column":45}}},"fnMap":{},"branchMap":{},"s":{"0":5},"f":{},"b":{},"_coverageSchema":"332fd63041d2c1bcb487cc26dd0d5f7d97098a6c","hash":"445fdb8ddb8beb8b5664c0f32334761bc5821da0"}
,"/Users/wrlc/dev/playground/reactNative/goNative/modulo5/src/TodoList.js": {"path":"/Users/wrlc/dev/playground/reactNative/goNative/modulo5/src/TodoList.js","statementMap":{"0":{"start":{"line":8,"column":17},"end":{"line":13,"column":1}},"1":{"start":{"line":9,"column":2},"end":{"line":12,"column":9}},"2":{"start":{"line":10,"column":24},"end":{"line":10,"column":62}},"3":{"start":{"line":15,"column":24},"end":{"line":17,"column":2}},"4":{"start":{"line":15,"column":34},"end":{"line":17,"column":1}},"5":{"start":{"line":19,"column":27},"end":{"line":20,"column":39}},"6":{"start":{"line":20,"column":2},"end":{"line":20,"column":39}}},"fnMap":{"0":{"name":"(anonymous_0)","decl":{"start":{"line":8,"column":17},"end":{"line":8,"column":18}},"loc":{"start":{"line":9,"column":2},"end":{"line":12,"column":9}},"line":9},"1":{"name":"(anonymous_1)","decl":{"start":{"line":10,"column":16},"end":{"line":10,"column":17}},"loc":{"start":{"line":10,"column":24},"end":{"line":10,"column":62}},"line":10},"2":{"name":"(anonymous_2)","decl":{"start":{"line":15,"column":24},"end":{"line":15,"column":25}},"loc":{"start":{"line":15,"column":34},"end":{"line":17,"column":1}},"line":15},"3":{"name":"(anonymous_3)","decl":{"start":{"line":19,"column":27},"end":{"line":19,"column":28}},"loc":{"start":{"line":20,"column":2},"end":{"line":20,"column":39}},"line":20}},"branchMap":{},"s":{"0":1,"1":2,"2":4,"3":1,"4":2,"5":1,"6":2},"f":{"0":2,"1":4,"2":2,"3":2},"b":{},"_coverageSchema":"332fd63041d2c1bcb487cc26dd0d5f7d97098a6c","hash":"1b4022b3669a6df893f7b34e9195c9ff5040ca9b"}
,"/Users/wrlc/dev/playground/reactNative/goNative/modulo5/src/list.js": {"path":"/Users/wrlc/dev/playground/reactNative/goNative/modulo5/src/list.js","statementMap":{"0":{"start":{"line":12,"column":4},"end":{"line":14,"column":17}},"1":{"start":{"line":13,"column":36},"end":{"line":13,"column":96}},"2":{"start":{"line":18,"column":4},"end":{"line":20,"column":6}},"3":{"start":{"line":24,"column":4},"end":{"line":26,"column":7}},"4":{"start":{"line":24,"column":33},"end":{"line":26,"column":5}},"5":{"start":{"line":25,"column":44},"end":{"line":25,"column":58}},"6":{"start":{"line":30,"column":4},"end":{"line":30,"column":82}},"7":{"start":{"line":34,"column":18},"end":{"line":34,"column":79}},"8":{"start":{"line":35,"column":4},"end":{"line":35,"column":29}},"9":{"start":{"line":39,"column":4},"end":{"line":49,"column":5}}},"fnMap":{"0":{"name":"(anonymous_0)","decl":{"start":{"line":11,"column":16},"end":{"line":11,"column":17}},"loc":{"start":{"line":12,"column":4},"end":{"line":14,"column":17}},"line":12},"1":{"name":"(anonymous_1)","decl":{"start":{"line":13,"column":28},"end":{"line":13,"column":29}},"loc":{"start":{"line":13,"column":36},"end":{"line":13,"column":96}},"line":13},"2":{"name":"(anonymous_2)","decl":{"start":{"line":17,"column":15},"end":{"line":17,"column":16}},"loc":{"start":{"line":17,"column":21},"end":{"line":21,"column":3}},"line":17},"3":{"name":"(anonymous_3)","decl":{"start":{"line":23,"column":15},"end":{"line":23,"column":16}},"loc":{"start":{"line":23,"column":23},"end":{"line":27,"column":3}},"line":23},"4":{"name":"(anonymous_4)","decl":{"start":{"line":24,"column":19},"end":{"line":24,"column":20}},"loc":{"start":{"line":24,"column":33},"end":{"line":26,"column":5}},"line":24},"5":{"name":"(anonymous_5)","decl":{"start":{"line":25,"column":36},"end":{"line":25,"column":37}},"loc":{"start":{"line":25,"column":44},"end":{"line":25,"column":58}},"line":25},"6":{"name":"(anonymous_6)","decl":{"start":{"line":29,"column":13},"end":{"line":29,"column":14}},"loc":{"start":{"line":29,"column":25},"end":{"line":31,"column":3}},"line":29},"7":{"name":"(anonymous_7)","decl":{"start":{"line":33,"column":2},"end":{"line":33,"column":3}},"loc":{"start":{"line":33,"column":27},"end":{"line":36,"column":3}},"line":33},"8":{"name":"(anonymous_8)","decl":{"start":{"line":38,"column":2},"end":{"line":38,"column":3}},"loc":{"start":{"line":38,"column":11},"end":{"line":50,"column":3}},"line":38}},"branchMap":{"0":{"loc":{"start":{"line":34,"column":18},"end":{"line":34,"column":79}},"type":"binary-expr","locations":[{"start":{"line":34,"column":18},"end":{"line":34,"column":73}},{"start":{"line":34,"column":77},"end":{"line":34,"column":79}}],"line":34},"1":{"loc":{"start":{"line":41,"column":10},"end":{"line":43,"column":36}},"type":"cond-expr","locations":[{"start":{"line":42,"column":12},"end":{"line":42,"column":30}},{"start":{"line":43,"column":12},"end":{"line":43,"column":36}}],"line":41}},"s":{"0":6,"1":15,"2":1,"3":1,"4":1,"5":3,"6":1,"7":6,"8":0,"9":12},"f":{"0":6,"1":15,"2":1,"3":1,"4":1,"5":3,"6":1,"7":6,"8":12},"b":{"0":[6,0],"1":[6,6]},"_coverageSchema":"332fd63041d2c1bcb487cc26dd0d5f7d97098a6c","hash":"14d49d6746255c05c46b0f34e6d38dafc124486c"}
,"/Users/wrlc/dev/playground/reactNative/goNative/modulo5/src/post.js": {"path":"/Users/wrlc/dev/playground/reactNative/goNative/modulo5/src/post.js","statementMap":{"0":{"start":{"line":4,"column":13},"end":{"line":10,"column":1}},"1":{"start":{"line":5,"column":2},"end":{"line":9,"column":9}},"2":{"start":{"line":8,"column":42},"end":{"line":8,"column":59}}},"fnMap":{"0":{"name":"(anonymous_0)","decl":{"start":{"line":4,"column":13},"end":{"line":4,"column":14}},"loc":{"start":{"line":5,"column":2},"end":{"line":9,"column":9}},"line":5},"1":{"name":"(anonymous_1)","decl":{"start":{"line":8,"column":36},"end":{"line":8,"column":37}},"loc":{"start":{"line":8,"column":42},"end":{"line":8,"column":59}},"line":8}},"branchMap":{},"s":{"0":2,"1":1,"2":1},"f":{"0":1,"1":1},"b":{},"_coverageSchema":"332fd63041d2c1bcb487cc26dd0d5f7d97098a6c","hash":"dde5c32f7ad4d8a6b951ae410e4d3d7ac91c1d94"}
,"/Users/wrlc/dev/playground/reactNative/goNative/modulo5/src/services/api.js": {"path":"/Users/wrlc/dev/playground/reactNative/goNative/modulo5/src/services/api.js","statementMap":{},"fnMap":{},"branchMap":{},"s":{},"f":{},"b":{},"_coverageSchema":"332fd63041d2c1bcb487cc26dd0d5f7d97098a6c","hash":"9ac769857084f41154d75440f2114f25f3f85270"}
,"/Users/wrlc/dev/playground/reactNative/goNative/modulo5/src/store/actions.js": {"path":"/Users/wrlc/dev/playground/reactNative/goNative/modulo5/src/store/actions.js","statementMap":{"0":{"start":{"line":2,"column":2},"end":{"line":5,"column":3}},"1":{"start":{"line":9,"column":2},"end":{"line":12,"column":3}},"2":{"start":{"line":16,"column":2},"end":{"line":19,"column":3}}},"fnMap":{"0":{"name":"addTodo","decl":{"start":{"line":1,"column":16},"end":{"line":1,"column":23}},"loc":{"start":{"line":1,"column":30},"end":{"line":6,"column":1}},"line":1},"1":{"name":"removeTodo","decl":{"start":{"line":8,"column":16},"end":{"line":8,"column":26}},"loc":{"start":{"line":8,"column":31},"end":{"line":13,"column":1}},"line":8},"2":{"name":"completeTodo","decl":{"start":{"line":15,"column":16},"end":{"line":15,"column":28}},"loc":{"start":{"line":15,"column":33},"end":{"line":20,"column":1}},"line":15}},"branchMap":{},"s":{"0":3,"1":1,"2":2},"f":{"0":3,"1":1,"2":2},"b":{},"_coverageSchema":"332fd63041d2c1bcb487cc26dd0d5f7d97098a6c","hash":"0acc931d47bdbd9f959946fbbe9cb619be7e8dbe"}
,"/Users/wrlc/dev/playground/reactNative/goNative/modulo5/src/store/reducers.js": {"path":"/Users/wrlc/dev/playground/reactNative/goNative/modulo5/src/store/reducers.js","statementMap":{"0":{"start":{"line":2,"column":2},"end":{"line":16,"column":3}},"1":{"start":{"line":4,"column":6},"end":{"line":4,"column":75}},"2":{"start":{"line":6,"column":6},"end":{"line":6,"column":64}},"3":{"start":{"line":6,"column":34},"end":{"line":6,"column":63}},"4":{"start":{"line":8,"column":6},"end":{"line":13,"column":8}},"5":{"start":{"line":9,"column":8},"end":{"line":11,"column":16}},"6":{"start":{"line":15,"column":6},"end":{"line":15,"column":19}}},"fnMap":{"0":{"name":"todos","decl":{"start":{"line":1,"column":24},"end":{"line":1,"column":29}},"loc":{"start":{"line":1,"column":50},"end":{"line":17,"column":1}},"line":1},"1":{"name":"(anonymous_1)","decl":{"start":{"line":6,"column":26},"end":{"line":6,"column":27}},"loc":{"start":{"line":6,"column":34},"end":{"line":6,"column":63}},"line":6},"2":{"name":"(anonymous_2)","decl":{"start":{"line":8,"column":23},"end":{"line":8,"column":24}},"loc":{"start":{"line":9,"column":8},"end":{"line":11,"column":16}},"line":9}},"branchMap":{"0":{"loc":{"start":{"line":1,"column":30},"end":{"line":1,"column":40}},"type":"default-arg","locations":[{"start":{"line":1,"column":38},"end":{"line":1,"column":40}}],"line":1},"1":{"loc":{"start":{"line":2,"column":2},"end":{"line":16,"column":3}},"type":"switch","locations":[{"start":{"line":3,"column":4},"end":{"line":4,"column":75}},{"start":{"line":5,"column":4},"end":{"line":6,"column":64}},{"start":{"line":7,"column":4},"end":{"line":13,"column":8}},{"start":{"line":14,"column":4},"end":{"line":15,"column":19}}],"line":2},"2":{"loc":{"start":{"line":9,"column":8},"end":{"line":11,"column":16}},"type":"cond-expr","locations":[{"start":{"line":10,"column":12},"end":{"line":10,"column":51}},{"start":{"line":11,"column":12},"end":{"line":11,"column":16}}],"line":9}},"s":{"0":4,"1":1,"2":1,"3":2,"4":2,"5":4,"6":0},"f":{"0":4,"1":2,"2":4},"b":{"0":[0],"1":[1,1,2,0],"2":[2,2]},"_coverageSchema":"332fd63041d2c1bcb487cc26dd0d5f7d97098a6c","hash":"155237c56e3895833d4b4b480d72a72f0d033148"}
,"/Users/wrlc/dev/playground/reactNative/goNative/modulo5/src/store/sagas.js": {"path":"/Users/wrlc/dev/playground/reactNative/goNative/modulo5/src/store/sagas.js","statementMap":{"0":{"start":{"line":6,"column":19},"end":{"line":6,"column":75}},"1":{"start":{"line":7,"column":2},"end":{"line":11,"column":3}},"2":{"start":{"line":8,"column":4},"end":{"line":8,"column":53}},"3":{"start":{"line":10,"column":4},"end":{"line":10,"column":39}},"4":{"start":{"line":15,"column":2},"end":{"line":17,"column":3}}},"fnMap":{"0":{"name":"addUserFromGithub","decl":{"start":{"line":5,"column":10},"end":{"line":5,"column":27}},"loc":{"start":{"line":5,"column":36},"end":{"line":12,"column":1}},"line":5},"1":{"name":"root","decl":{"start":{"line":14,"column":25},"end":{"line":14,"column":29}},"loc":{"start":{"line":14,"column":32},"end":{"line":18,"column":1}},"line":14}},"branchMap":{"0":{"loc":{"start":{"line":7,"column":2},"end":{"line":11,"column":3}},"type":"if","locations":[{"start":{"line":7,"column":2},"end":{"line":11,"column":3}},{"start":{"line":7,"column":2},"end":{"line":11,"column":3}}],"line":7}},"s":{"0":2,"1":2,"2":1,"3":1,"4":2},"f":{"0":2,"1":2},"b":{"0":[1,1]},"_coverageSchema":"332fd63041d2c1bcb487cc26dd0d5f7d97098a6c","hash":"e7b3edcb1360e40a4279e53423efee065a17125a"}
,"/Users/wrlc/dev/playground/reactNative/goNative/modulo5/src/store/userActions.js": {"path":"/Users/wrlc/dev/playground/reactNative/goNative/modulo5/src/store/userActions.js","statementMap":{"0":{"start":{"line":2,"column":2},"end":{"line":5,"column":3}},"1":{"start":{"line":9,"column":2},"end":{"line":12,"column":3}},"2":{"start":{"line":16,"column":2},"end":{"line":18,"column":3}}},"fnMap":{"0":{"name":"addUserRequest","decl":{"start":{"line":1,"column":16},"end":{"line":1,"column":30}},"loc":{"start":{"line":1,"column":41},"end":{"line":6,"column":1}},"line":1},"1":{"name":"addUserSuccess","decl":{"start":{"line":8,"column":16},"end":{"line":8,"column":30}},"loc":{"start":{"line":8,"column":37},"end":{"line":13,"column":1}},"line":8},"2":{"name":"addUserFailure","decl":{"start":{"line":15,"column":16},"end":{"line":15,"column":30}},"loc":{"start":{"line":15,"column":33},"end":{"line":19,"column":1}},"line":15}},"branchMap":{},"s":{"0":2,"1":3,"2":3},"f":{"0":2,"1":3,"2":3},"b":{},"_coverageSchema":"332fd63041d2c1bcb487cc26dd0d5f7d97098a6c","hash":"e168e0c9061b436c71eb1551c6c3b26fcabc7b83"}
}
