TN:
SF:/Users/wrlc/dev/playground/reactNative/goNative/modulo5/__tests__/setup.js
FNF:0
FNH:0
DA:4,5
LF:1
LH:1
BRF:0
BRH:0
end_of_record
TN:
SF:/Users/wrlc/dev/playground/reactNative/goNative/modulo5/src/TodoList.js
FN:8,(anonymous_0)
FN:10,(anonymous_1)
FN:15,(anonymous_2)
FN:19,(anonymous_3)
FNF:4
FNH:4
FNDA:2,(anonymous_0)
FNDA:4,(anonymous_1)
FNDA:2,(anonymous_2)
FNDA:2,(anonymous_3)
DA:8,1
DA:9,2
DA:10,4
DA:15,2
DA:19,1
DA:20,2
LF:6
LH:6
BRF:0
BRH:0
end_of_record
TN:
SF:/Users/wrlc/dev/playground/reactNative/goNative/modulo5/src/list.js
FN:11,(anonymous_0)
FN:13,(anonymous_1)
FN:17,(anonymous_2)
FN:23,(anonymous_3)
FN:24,(anonymous_4)
FN:25,(anonymous_5)
FN:29,(anonymous_6)
FN:33,(anonymous_7)
FN:38,(anonymous_8)
FNF:9
FNH:9
FNDA:6,(anonymous_0)
FNDA:15,(anonymous_1)
FNDA:1,(anonymous_2)
FNDA:1,(anonymous_3)
FNDA:1,(anonymous_4)
FNDA:3,(anonymous_5)
FNDA:1,(anonymous_6)
FNDA:6,(anonymous_7)
FNDA:12,(anonymous_8)
DA:12,6
DA:13,15
DA:18,1
DA:24,1
DA:25,3
DA:30,1
DA:34,6
DA:35,0
DA:39,12
LF:9
LH:8
BRDA:34,0,0,6
BRDA:34,0,1,0
BRDA:41,1,0,6
BRDA:41,1,1,6
BRF:4
BRH:3
end_of_record
TN:
SF:/Users/wrlc/dev/playground/reactNative/goNative/modulo5/src/post.js
FN:4,(anonymous_0)
FN:8,(anonymous_1)
FNF:2
FNH:2
FNDA:1,(anonymous_0)
FNDA:1,(anonymous_1)
DA:4,2
DA:5,1
DA:8,1
LF:3
LH:3
BRF:0
BRH:0
end_of_record
TN:
SF:/Users/wrlc/dev/playground/reactNative/goNative/modulo5/src/services/api.js
FNF:0
FNH:0
LF:0
LH:0
BRF:0
BRH:0
end_of_record
TN:
SF:/Users/wrlc/dev/playground/reactNative/goNative/modulo5/src/store/actions.js
FN:1,addTodo
FN:8,removeTodo
FN:15,completeTodo
FNF:3
FNH:3
FNDA:3,addTodo
FNDA:1,removeTodo
FNDA:2,completeTodo
DA:2,3
DA:9,1
DA:16,2
LF:3
LH:3
BRF:0
BRH:0
end_of_record
TN:
SF:/Users/wrlc/dev/playground/reactNative/goNative/modulo5/src/store/reducers.js
FN:1,todos
FN:6,(anonymous_1)
FN:8,(anonymous_2)
FNF:3
FNH:3
FNDA:4,todos
FNDA:2,(anonymous_1)
FNDA:4,(anonymous_2)
DA:2,4
DA:4,1
DA:6,2
DA:8,2
DA:9,4
DA:15,0
LF:6
LH:5
BRDA:1,0,0,0
BRDA:2,1,0,1
BRDA:2,1,1,1
BRDA:2,1,2,2
BRDA:2,1,3,0
BRDA:9,2,0,2
BRDA:9,2,1,2
BRF:7
BRH:5
end_of_record
TN:
SF:/Users/wrlc/dev/playground/reactNative/goNative/modulo5/src/store/sagas.js
FN:5,addUserFromGithub
FN:14,root
FNF:2
FNH:2
FNDA:2,addUserFromGithub
FNDA:2,root
DA:6,2
DA:7,2
DA:8,1
DA:10,1
DA:15,2
LF:5
LH:5
BRDA:7,0,0,1
BRDA:7,0,1,1
BRF:2
BRH:2
end_of_record
TN:
SF:/Users/wrlc/dev/playground/reactNative/goNative/modulo5/src/store/userActions.js
FN:1,addUserRequest
FN:8,addUserSuccess
FN:15,addUserFailure
FNF:3
FNH:3
FNDA:2,addUserRequest
FNDA:3,addUserSuccess
FNDA:3,addUserFailure
DA:2,2
DA:9,3
DA:16,3
LF:3
LH:3
BRF:0
BRH:0
end_of_record
